[2018-11-15 15:28:53,190]  .NET SystemEvents -- INFO  -- ScienceAttendance.util.WeeklyUtils [recordXbsj] -- 下班时间22018-11-15
[2018-11-15 15:28:56,218]  .NET SystemEvents -- INFO  -- ScienceAttendance.util.WeeklyUtils [recordSbsj] -- 上班时间12018-11-15
[2018-11-16 15:29:07,288]  .NET SystemEvents -- INFO  -- ScienceAttendance.util.WeeklyUtils [recordXbsj] -- 下班时间22018-11-16
[2018-11-16 15:29:10,101]  .NET SystemEvents -- INFO  -- ScienceAttendance.util.WeeklyUtils [recordSbsj] -- 上班时间22018-11-16
[2018-11-16 15:32:49,262]  .NET SystemEvents -- INFO  -- ScienceAttendance.util.WeeklyUtils [recordXbsj] -- 下班时间22018-11-16
[2018-11-16 15:32:52,227]  .NET SystemEvents -- INFO  -- ScienceAttendance.util.WeeklyUtils [recordSbsj] -- 上班时间12018-11-16
[2018-11-19 15:33:12,485]  .NET SystemEvents -- INFO  -- ScienceAttendance.util.WeeklyUtils [recordXbsj] -- 下班时间22018-11-19
[2018-11-19 15:33:15,526]  .NET SystemEvents -- INFO  -- ScienceAttendance.util.WeeklyUtils [recordSbsj] -- 上班时间22018-11-19
[2018-11-14 09:14:35,382]  .NET SystemEvents -- INFO  -- ScienceAttendance.util.WeeklyUtils [recordXbsj] -- 下班时间22018-11-14
[2018-11-14 09:14:38,674]  .NET SystemEvents -- INFO  -- ScienceAttendance.util.WeeklyUtils [recordSbsj] -- 上班时间12018-11-14
[2018-11-14 19:15:00,225]  .NET SystemEvents -- INFO  -- ScienceAttendance.util.WeeklyUtils [recordXbsj] -- 下班时间12018-11-14
[2018-11-14 19:15:03,612]  .NET SystemEvents -- INFO  -- ScienceAttendance.util.WeeklyUtils [recordSbsj] -- 上班时间12018-11-14
[2018-11-15 09:15:20,277]  .NET SystemEvents -- INFO  -- ScienceAttendance.util.WeeklyUtils [recordXbsj] -- 下班时间22018-11-15
[2018-11-15 09:15:23,435]  .NET SystemEvents -- INFO  -- ScienceAttendance.util.WeeklyUtils [recordSbsj] -- 上班时间22018-11-15
[2018-11-15 09:16:03,887]  .NET SystemEvents -- INFO  -- ScienceAttendance.util.WeeklyUtils [recordXbsj] -- 下班时间12018-11-15
[2018-11-15 09:16:06,949]  .NET SystemEvents -- INFO  -- ScienceAttendance.util.WeeklyUtils [recordSbsj] -- 上班时间12018-11-15
[2018-11-15 09:17:33,454]  .NET SystemEvents -- INFO  -- ScienceAttendance.util.WeeklyUtils [recordXbsj] -- 下班时间12018-11-15
[2018-11-15 09:17:36,555]  .NET SystemEvents -- INFO  -- ScienceAttendance.util.WeeklyUtils [recordSbsj] -- 上班时间12018-11-15
[2018-11-14 09:20:18,720]  .NET SystemEvents -- INFO  -- ScienceAttendance.util.WeeklyUtils [recordXbsj] -- 下班时间22018-11-14
[2018-11-14 09:20:21,978]  .NET SystemEvents -- INFO  -- ScienceAttendance.util.WeeklyUtils [recordSbsj] -- 上班时间12018-11-14
[2018-11-14 09:20:34,709]  .NET SystemEvents -- INFO  -- ScienceAttendance.util.WeeklyUtils [recordXbsj] -- 下班时间12018-11-14
[2018-11-14 09:20:38,460]  .NET SystemEvents -- INFO  -- ScienceAttendance.util.WeeklyUtils [recordSbsj] -- 上班时间12018-11-14
[2018-11-14 19:20:43,856]  .NET SystemEvents -- INFO  -- ScienceAttendance.util.WeeklyUtils [recordXbsj] -- 下班时间12018-11-14
[2018-11-14 19:20:46,824]  .NET SystemEvents -- INFO  -- ScienceAttendance.util.WeeklyUtils [recordSbsj] -- 上班时间12018-11-14
[2018-11-15 09:21:00,723]  .NET SystemEvents -- INFO  -- ScienceAttendance.util.WeeklyUtils [recordXbsj] -- 下班时间22018-11-15
[2018-11-15 09:21:03,808]  .NET SystemEvents -- INFO  -- ScienceAttendance.util.WeeklyUtils [recordSbsj] -- 上班时间22018-11-15
[2018-11-15 09:21:13,668]  .NET SystemEvents -- INFO  -- ScienceAttendance.util.WeeklyUtils [recordXbsj] -- 下班时间12018-11-15
[2018-11-15 09:21:16,524]  .NET SystemEvents -- INFO  -- ScienceAttendance.util.WeeklyUtils [recordSbsj] -- 上班时间12018-11-15
[2018-11-14 09:22:03,241]  .NET SystemEvents -- INFO  -- ScienceAttendance.util.WeeklyUtils [recordXbsj] -- 下班时间22018-11-14
[2018-11-14 09:22:06,534]  .NET SystemEvents -- INFO  -- ScienceAttendance.util.WeeklyUtils [recordSbsj] -- 上班时间12018-11-14
[2018-11-14 19:22:23,048]  .NET SystemEvents -- INFO  -- ScienceAttendance.util.WeeklyUtils [recordXbsj] -- 下班时间12018-11-14
[2018-11-14 19:22:25,856]  .NET SystemEvents -- INFO  -- ScienceAttendance.util.WeeklyUtils [recordSbsj] -- 上班时间12018-11-14
[2018-11-15 09:22:37,047]  .NET SystemEvents -- INFO  -- ScienceAttendance.util.WeeklyUtils [recordXbsj] -- 下班时间22018-11-15
[2018-11-15 09:22:40,396]  .NET SystemEvents -- INFO  -- ScienceAttendance.util.WeeklyUtils [recordSbsj] -- 上班时间22018-11-15
[2018-11-14 09:28:07,488]  .NET SystemEvents -- INFO  -- ScienceAttendance.util.WeeklyUtils [recordXbsj] -- 下班时间22018-11-14
[2018-11-14 09:28:10,424]  .NET SystemEvents -- INFO  -- ScienceAttendance.util.WeeklyUtils [recordSbsj] -- 上班时间12018-11-14
[2018-11-14 19:28:17,032]  .NET SystemEvents -- INFO  -- ScienceAttendance.util.WeeklyUtils [recordXbsj] -- 下班时间12018-11-14
[2018-11-14 19:28:19,622]  .NET SystemEvents -- INFO  -- ScienceAttendance.util.WeeklyUtils [recordSbsj] -- 上班时间12018-11-14
[2018-11-15 09:28:26,591]  .NET SystemEvents -- INFO  -- ScienceAttendance.util.WeeklyUtils [recordXbsj] -- 下班时间22018-11-15
[2018-11-15 09:28:29,500]  .NET SystemEvents -- INFO  -- ScienceAttendance.util.WeeklyUtils [recordSbsj] -- 上班时间22018-11-15
[2018-11-14 09:29:56,772]  .NET SystemEvents -- INFO  -- ScienceAttendance.util.WeeklyUtils [recordXbsj] -- 下班时间22018-11-14
[2018-11-14 09:29:59,754]  .NET SystemEvents -- INFO  -- ScienceAttendance.util.WeeklyUtils [recordSbsj] -- 上班时间12018-11-14
[2018-11-14 19:30:11,371]  .NET SystemEvents -- INFO  -- ScienceAttendance.util.WeeklyUtils [recordXbsj] -- 下班时间12018-11-14
[2018-11-14 19:30:14,188]  .NET SystemEvents -- INFO  -- ScienceAttendance.util.WeeklyUtils [recordSbsj] -- 上班时间12018-11-14
[2018-11-14 20:30:23,467]  .NET SystemEvents -- INFO  -- ScienceAttendance.util.WeeklyUtils [recordXbsj] -- 下班时间12018-11-14
[2018-11-14 20:30:26,478]  .NET SystemEvents -- INFO  -- ScienceAttendance.util.WeeklyUtils [recordSbsj] -- 上班时间12018-11-14
[2018-11-15 09:30:33,606]  .NET SystemEvents -- INFO  -- ScienceAttendance.util.WeeklyUtils [recordXbsj] -- 下班时间22018-11-15
[2018-11-15 09:30:36,975]  .NET SystemEvents -- INFO  -- ScienceAttendance.util.WeeklyUtils [recordSbsj] -- 上班时间22018-11-15
[2018-11-17 09:43:33,195]  .NET SystemEvents -- ERROR -- ScienceAttendance.util.WeeklyUtils [cmdExeStart] -- 启动exe服务失败：
System.InvalidOperationException: StandardIn 尚未重定向。
   在 System.Diagnostics.Process.get_StandardInput()
   在 ScienceAttendance.util.WeeklyUtils.cmdExeStart(IDictionary`2 arguments) 位置 F:\ScienceAttendance\ScienceAttendance\ScienceAttendance\util\WeeklyUtils.cs:行号 92
[2018-11-17 10:32:47,052]  .NET SystemEvents -- ERROR -- ScienceAttendance.util.WeeklyUtils [cmdExeStart] -- 启动exe服务失败：
System.InvalidOperationException: StandardIn 尚未重定向。
   在 System.Diagnostics.Process.get_StandardInput()
   在 ScienceAttendance.util.WeeklyUtils.cmdExeStart(IDictionary`2 arguments) 位置 F:\ScienceAttendance\ScienceAttendance\ScienceAttendance\util\WeeklyUtils.cs:行号 115
[2018-11-16 10:34:17,401]  .NET SystemEvents -- ERROR -- ScienceAttendance.util.WeeklyUtils [cmdExeStart] -- 启动exe服务失败：
System.InvalidOperationException: StandardIn 尚未重定向。
   在 System.Diagnostics.Process.get_StandardInput()
   在 ScienceAttendance.util.WeeklyUtils.cmdExeStart(IDictionary`2 arguments) 位置 F:\ScienceAttendance\ScienceAttendance\ScienceAttendance\util\WeeklyUtils.cs:行号 115
[2018-11-19 10:57:25,608]  .NET SystemEvents -- ERROR -- ScienceAttendance.util.WeeklyUtils [cmdExeStart] -- 启动exe服务失败：
System.InvalidOperationException: StandardIn 尚未重定向。
   在 System.Diagnostics.Process.get_StandardInput()
   在 ScienceAttendance.util.WeeklyUtils.cmdExeStart(IDictionary`2 arguments) 位置 F:\ScienceAttendance\ScienceAttendance\ScienceAttendance\util\WeeklyUtils.cs:行号 115
[2018-11-16 10:59:45,341]  .NET SystemEvents -- ERROR -- ScienceAttendance.util.WeeklyUtils [cmdExeStart] -- 启动exe服务失败：
System.InvalidOperationException: StandardIn 尚未重定向。
   在 System.Diagnostics.Process.get_StandardInput()
   在 ScienceAttendance.util.WeeklyUtils.cmdExeStart(IDictionary`2 arguments) 位置 F:\ScienceAttendance\ScienceAttendance\ScienceAttendance\util\WeeklyUtils.cs:行号 115
[2018-11-16 11:05:45,986]  .NET SystemEvents -- ERROR -- ScienceAttendance.util.WeeklyUtils [cmdExeStart] -- 启动exe服务失败：
System.InvalidOperationException: StandardIn 尚未重定向。
   在 System.Diagnostics.Process.get_StandardInput()
   在 ScienceAttendance.util.WeeklyUtils.cmdExeStart(IDictionary`2 arguments) 位置 F:\ScienceAttendance\ScienceAttendance\ScienceAttendance\util\WeeklyUtils.cs:行号 116
[2018-11-16 11:21:25,878]  .NET SystemEvents -- ERROR -- ScienceAttendance.util.WeeklyUtils [cmdExeStart] -- 启动exe服务失败：
System.InvalidOperationException: StandardIn 尚未重定向。
   在 System.Diagnostics.Process.get_StandardInput()
   在 ScienceAttendance.util.WeeklyUtils.cmdExeStart(IDictionary`2 arguments) 位置 F:\ScienceAttendance\ScienceAttendance\ScienceAttendance\util\WeeklyUtils.cs:行号 122
[2018-11-16 11:25:32,735]  .NET SystemEvents -- ERROR -- ScienceAttendance.util.WeeklyUtils [cmdExeStart] -- 启动exe服务失败：
System.InvalidOperationException: StandardIn 尚未重定向。
   在 System.Diagnostics.Process.get_StandardInput()
   在 ScienceAttendance.util.WeeklyUtils.cmdExeStart(IDictionary`2 arguments) 位置 F:\ScienceAttendance\ScienceAttendance\ScienceAttendance\util\WeeklyUtils.cs:行号 122
[2018-11-16 17:10:37,314]  10 -- ERROR -- ScienceAttendance.util.WeeklyUtils [cmdExeStart] -- 启动exe服务失败：
System.InvalidOperationException: StandardIn 尚未重定向。
   在 System.Diagnostics.Process.get_StandardInput()
   在 ScienceAttendance.util.WeeklyUtils.cmdExeStart(IDictionary`2 arguments) 位置 F:\ScienceAttendance\ScienceAttendance\ScienceAttendance\util\WeeklyUtils.cs:行号 126
[2018-11-16 17:11:26,716]  8 -- ERROR -- ScienceAttendance.util.WeeklyUtils [cmdExeStart] -- 启动exe服务失败：
System.InvalidOperationException: StandardIn 尚未重定向。
   在 System.Diagnostics.Process.get_StandardInput()
   在 ScienceAttendance.util.WeeklyUtils.cmdExeStart(IDictionary`2 arguments) 位置 F:\ScienceAttendance\ScienceAttendance\ScienceAttendance\util\WeeklyUtils.cs:行号 126
[2018-11-16 17:13:03,968]  9 -- ERROR -- ScienceAttendance.util.WeeklyUtils [cmdExeStart] -- 启动exe服务失败：
System.InvalidOperationException: StandardIn 尚未重定向。
   在 System.Diagnostics.Process.get_StandardInput()
   在 ScienceAttendance.util.WeeklyUtils.cmdExeStart(IDictionary`2 arguments) 位置 F:\ScienceAttendance\ScienceAttendance\ScienceAttendance\util\WeeklyUtils.cs:行号 126
[2018-11-16 17:13:55,320]  8 -- ERROR -- ScienceAttendance.util.WeeklyUtils [cmdExeStart] -- 启动exe服务失败：
System.InvalidOperationException: StandardIn 尚未重定向。
   在 System.Diagnostics.Process.get_StandardInput()
   在 ScienceAttendance.util.WeeklyUtils.cmdExeStart(IDictionary`2 arguments) 位置 F:\ScienceAttendance\ScienceAttendance\ScienceAttendance\util\WeeklyUtils.cs:行号 126
[2018-11-16 17:14:55,703]  9 -- ERROR -- ScienceAttendance.util.WeeklyUtils [cmdExeStart] -- 启动exe服务失败：
System.InvalidOperationException: StandardIn 尚未重定向。
   在 System.Diagnostics.Process.get_StandardInput()
   在 ScienceAttendance.util.WeeklyUtils.cmdExeStart(IDictionary`2 arguments) 位置 F:\ScienceAttendance\ScienceAttendance\ScienceAttendance\util\WeeklyUtils.cs:行号 126
[2018-11-18 17:34:32,324]  10 -- INFO  -- ScienceAttendance.util.WeeklyUtils [cmdExeStart] -- 参数信息：-action test 
[2018-11-18 17:34:33,317]  10 -- ERROR -- ScienceAttendance.util.WeeklyUtils [cmdExeStart] -- 启动exe服务失败：
System.InvalidOperationException: StandardIn 尚未重定向。
   在 System.Diagnostics.Process.get_StandardInput()
   在 ScienceAttendance.util.WeeklyUtils.cmdExeStart(IDictionary`2 arguments) 位置 F:\ScienceAttendance\ScienceAttendance\ScienceAttendance\util\WeeklyUtils.cs:行号 127
[2018-11-16 17:46:56,046]  10 -- INFO  -- ScienceAttendance.util.WeeklyUtils [cmdExeStart] -- 参数信息：-action test 
[2018-11-16 17:46:56,787]  10 -- ERROR -- ScienceAttendance.util.WeeklyUtils [cmdExeStart] -- 启动exe服务失败：
System.InvalidOperationException: StandardIn 尚未重定向。
   在 System.Diagnostics.Process.get_StandardInput()
   在 ScienceAttendance.util.WeeklyUtils.cmdExeStart(IDictionary`2 arguments) 位置 F:\ScienceAttendance\ScienceAttendance\ScienceAttendance\util\WeeklyUtils.cs:行号 127
[2018-11-18 17:49:29,812]  .NET SystemEvents -- INFO  -- ScienceAttendance.util.WeeklyUtils [cmdExeStart] -- 参数信息：-action sign -user dengchengchao -pwd 6789@jkl -date 2018-11-16 -sbsj 9:30 
[2018-11-18 17:49:43,151]  .NET SystemEvents -- ERROR -- ScienceAttendance.util.WeeklyUtils [cmdExeStart] -- 启动exe服务失败：
System.InvalidOperationException: StandardIn 尚未重定向。
   在 System.Diagnostics.Process.get_StandardInput()
   在 ScienceAttendance.util.WeeklyUtils.cmdExeStart(IDictionary`2 arguments) 位置 F:\ScienceAttendance\ScienceAttendance\ScienceAttendance\util\WeeklyUtils.cs:行号 127
[2018-11-18 17:51:16,947]  10 -- INFO  -- ScienceAttendance.util.WeeklyUtils [cmdExeStart] -- 参数信息：-action weekly -user dengchengchao -pwd 6789@jkl -date 2018-11-16 -sbsj 9:30 -zgs 8.3 -gznr # -xmbh 211426_1_108 
[2018-11-18 17:51:17,642]  10 -- ERROR -- ScienceAttendance.util.WeeklyUtils [cmdExeStart] -- 启动exe服务失败：
System.InvalidOperationException: StandardIn 尚未重定向。
   在 System.Diagnostics.Process.get_StandardInput()
   在 ScienceAttendance.util.WeeklyUtils.cmdExeStart(IDictionary`2 arguments) 位置 F:\ScienceAttendance\ScienceAttendance\ScienceAttendance\util\WeeklyUtils.cs:行号 127
[2018-11-18 17:57:22,601]  10 -- INFO  -- ScienceAttendance.util.WeeklyUtils [cmdExeStart] -- 参数信息：-action test 
[2018-11-18 18:17:12,793]  9 -- INFO  -- ScienceAttendance.util.WeeklyUtils [cmdExeStart] -- 参数信息：-action test 
[2018-11-19 17:48:59,480]  1 -- INFO  -- ScienceAttendance.util.WeeklyUtils [cmdExeStart] -- 参数信息：-action test 
[2018-11-19 17:48:59,542]  1 -- ERROR -- ScienceAttendance.util.WeeklyUtils [cmdExeStart] -- 启动exe服务失败：
System.ComponentModel.Win32Exception (0x80004005): 系统找不到指定的文件。
   在 System.Diagnostics.Process.StartWithCreateProcess(ProcessStartInfo startInfo)
   在 System.Diagnostics.Process.Start(ProcessStartInfo startInfo)
   在 ScienceAttendance.util.WeeklyUtils.cmdExeStart(IDictionary`2 arguments) 位置 F:\ScienceAttendance\ScienceAttendance\ScienceAttendance\util\WeeklyUtils.cs:行号 124
[2018-11-20 10:16:58,010]  10 -- INFO  -- ScienceAttendance.util.WeeklyUtils [cmdExeStart] -- 参数信息：-action test 
[2018-11-19 10:20:38,802]  9 -- INFO  -- ScienceAttendance.util.WeeklyUtils [cmdExeStart] -- 参数信息：-action test 
[2018-11-20 10:21:16,598]  9 -- INFO  -- ScienceAttendance.util.WeeklyUtils [cmdExeStart] -- 参数信息：-action test 
[2018-11-19 10:21:45,420]  10 -- INFO  -- ScienceAttendance.util.WeeklyUtils [cmdExeStart] -- 参数信息：-action test 
[2018-11-20 10:21:59,984]  .NET SystemEvents -- INFO  -- ScienceAttendance.util.WeeklyUtils [cmdExeStart] -- 参数信息：-action sign -user dengchengchao -pwd 6789@jkl -date 2018-11-19 -sbsj 9:30 
[2018-11-19 10:23:54,002]  8 -- INFO  -- ScienceAttendance.util.WeeklyUtils [cmdExeStart] -- 参数信息：-action test 
[2018-11-20 10:25:08,125]  .NET SystemEvents -- INFO  -- ScienceAttendance.util.WeeklyUtils [cmdExeStart] -- 参数信息：-action sign -user dengchengchao -pwd 6789@jkl -date 2018-11-19 -sbsj 9:30 
[2018-11-20 10:27:22,208]  8 -- INFO  -- ScienceAttendance.util.WeeklyUtils [cmdExeStart] -- 参数信息：-action weekly -user dengchengchao -pwd 6789@jkl -date 2018-11-19 -sbsj 9:30 -zgs 8.0 -gznr # -xmbh 211426_1_108 
[2018-11-20 09:36:13,743]  9 -- INFO  -- ScienceAttendance.util.WeeklyUtils [cmdExeStart] -- 参数信息：-action test 
[2018-11-20 09:38:48,843]  9 -- INFO  -- ScienceAttendance.util.WeeklyUtils [cmdExeStart] -- 参数信息：-action test 
[2018-11-20 09:43:23,987]  8 -- INFO  -- ScienceAttendance.util.WeeklyUtils [cmdExeStart] -- 参数信息：-action test 
[2018-11-20 09:46:25,956]  8 -- INFO  -- ScienceAttendance.util.WeeklyUtils [cmdExeStart] -- 参数信息：-action test 
[2018-11-20 20:19:13,547]  10 -- INFO  -- ScienceAttendance.util.WeeklyUtils [cmdExeStart] -- 参数信息：-action test 
[2018-11-20 20:19:35,000]  10 -- INFO  -- ScienceAttendance.util.WeeklyUtils [cmdExeStart] -- 参数信息：-action test 
[2018-11-20 20:20:08,578]  10 -- INFO  -- ScienceAttendance.util.WeeklyUtils [cmdExeStart] -- 参数信息：-action test 
[2018-11-20 20:20:47,163]  10 -- INFO  -- ScienceAttendance.util.WeeklyUtils [cmdExeStart] -- 参数信息：-action test 
[2018-11-20 20:21:07,132]  9 -- INFO  -- ScienceAttendance.util.WeeklyUtils [cmdExeStart] -- 参数信息：-action test 
[2018-11-20 20:50:43,444]  8 -- INFO  -- ScienceAttendance.util.WeeklyUtils [cmdExeStart] -- 参数信息：-action test 
[2018-12-04 14:06:10,220]  1 -- INFO  -- ScienceAttendance.util.WeeklyUtils [cmdExeStart] -- 参数信息：-action test 
[2018-12-04 14:06:10,304]  1 -- ERROR -- ScienceAttendance.util.WeeklyUtils [cmdExeStart] -- 启动exe服务失败：
System.ComponentModel.Win32Exception (0x80004005): 系统找不到指定的文件。
   在 System.Diagnostics.Process.StartWithCreateProcess(ProcessStartInfo startInfo)
   在 System.Diagnostics.Process.Start(ProcessStartInfo startInfo)
   在 ScienceAttendance.util.WeeklyUtils.cmdExeStart(IDictionary`2 arguments) 位置 F:\ScienceAttendance\ScienceAttendance\ScienceAttendance\util\WeeklyUtils.cs:行号 124
[2018-12-05 09:35:06,036]  1 -- INFO  -- ScienceAttendance.util.WeeklyUtils [cmdExeStart] -- 参数信息：-action sign -user dengchengchao -pwd 6789@jkl -date 2018-12-04 -sbsj 09:30 
[2018-12-05 09:35:06,057]  1 -- ERROR -- ScienceAttendance.util.WeeklyUtils [cmdExeStart] -- 启动exe服务失败：
System.ComponentModel.Win32Exception (0x80004005): 系统找不到指定的文件。
   在 System.Diagnostics.Process.StartWithCreateProcess(ProcessStartInfo startInfo)
   在 System.Diagnostics.Process.Start(ProcessStartInfo startInfo)
   在 ScienceAttendance.util.WeeklyUtils.cmdExeStart(IDictionary`2 arguments) 位置 F:\ScienceAttendance\ScienceAttendance\ScienceAttendance\util\WeeklyUtils.cs:行号 124
[2018-12-05 09:35:37,642]  1 -- INFO  -- ScienceAttendance.util.WeeklyUtils [cmdExeStart] -- 参数信息：-action weekly -user dengchengchao -pwd 6789@jkl -date 2018-12-04 -sbsj 09:30 -zgs 13.4 -gznr 测试亚伟速录与语音识别融合卡顿问题 -xmbh 256601_1_108 
[2018-12-05 09:35:37,654]  1 -- ERROR -- ScienceAttendance.util.WeeklyUtils [cmdExeStart] -- 启动exe服务失败：
System.ComponentModel.Win32Exception (0x80004005): 系统找不到指定的文件。
   在 System.Diagnostics.Process.StartWithCreateProcess(ProcessStartInfo startInfo)
   在 System.Diagnostics.Process.Start(ProcessStartInfo startInfo)
   在 ScienceAttendance.util.WeeklyUtils.cmdExeStart(IDictionary`2 arguments) 位置 F:\ScienceAttendance\ScienceAttendance\ScienceAttendance\util\WeeklyUtils.cs:行号 124
[2018-12-06 09:35:55,987]  1 -- INFO  -- ScienceAttendance.util.WeeklyUtils [cmdExeStart] -- 参数信息：-action sign -user dengchengchao -pwd 6789@jkl -date 2018-12-05 -sbsj 09:30 
[2018-12-06 09:35:55,991]  1 -- ERROR -- ScienceAttendance.util.WeeklyUtils [cmdExeStart] -- 启动exe服务失败：
System.ComponentModel.Win32Exception (0x80004005): 系统找不到指定的文件。
   在 System.Diagnostics.Process.StartWithCreateProcess(ProcessStartInfo startInfo)
   在 System.Diagnostics.Process.Start(ProcessStartInfo startInfo)
   在 ScienceAttendance.util.WeeklyUtils.cmdExeStart(IDictionary`2 arguments) 位置 F:\ScienceAttendance\ScienceAttendance\ScienceAttendance\util\WeeklyUtils.cs:行号 124
[2018-12-06 09:36:15,784]  1 -- INFO  -- ScienceAttendance.util.WeeklyUtils [cmdExeStart] -- 参数信息：-action weekly -user dengchengchao -pwd 6789@jkl -date 2018-12-05 -sbsj 09:30 -zgs 10.9 -gznr 准备演示环境 -xmbh 256601_1_108 
[2018-12-06 09:36:15,785]  1 -- ERROR -- ScienceAttendance.util.WeeklyUtils [cmdExeStart] -- 启动exe服务失败：
System.ComponentModel.Win32Exception (0x80004005): 系统找不到指定的文件。
   在 System.Diagnostics.Process.StartWithCreateProcess(ProcessStartInfo startInfo)
   在 System.Diagnostics.Process.Start(ProcessStartInfo startInfo)
   在 ScienceAttendance.util.WeeklyUtils.cmdExeStart(IDictionary`2 arguments) 位置 F:\ScienceAttendance\ScienceAttendance\ScienceAttendance\util\WeeklyUtils.cs:行号 124
[2018-12-11 02:12:49,369]  1 -- INFO  -- ScienceAttendance.util.WeeklyUtils [cmdExeStart] -- 参数信息：-action test 
[2018-12-11 02:12:49,432]  1 -- ERROR -- ScienceAttendance.util.WeeklyUtils [cmdExeStart] -- 启动exe服务失败：
System.ComponentModel.Win32Exception (0x80004005): 系统找不到指定的文件。
   在 System.Diagnostics.Process.StartWithCreateProcess(ProcessStartInfo startInfo)
   在 System.Diagnostics.Process.Start(ProcessStartInfo startInfo)
   在 ScienceAttendance.util.WeeklyUtils.cmdExeStart(IDictionary`2 arguments) 位置 F:\ScienceAttendance\ScienceAttendance\ScienceAttendance\util\WeeklyUtils.cs:行号 124
[2018-12-11 10:41:55,053]  1 -- INFO  -- ScienceAttendance.util.WeeklyUtils [cmdExeStart] -- 参数信息：-action test 
[2018-12-11 10:41:55,178]  1 -- ERROR -- ScienceAttendance.util.WeeklyUtils [cmdExeStart] -- 启动exe服务失败：
System.ComponentModel.Win32Exception (0x80004005): 系统找不到指定的文件。
   在 System.Diagnostics.Process.StartWithCreateProcess(ProcessStartInfo startInfo)
   在 System.Diagnostics.Process.Start(ProcessStartInfo startInfo)
   在 ScienceAttendance.util.WeeklyUtils.cmdExeStart(IDictionary`2 arguments) 位置 F:\ScienceAttendance\ScienceAttendance\ScienceAttendance\util\WeeklyUtils.cs:行号 124
[2018-12-11 10:41:59,162]  1 -- ERROR -- ScienceAttendance.util.WeeklyUtils [PostForWebResponse] -- 网络请求失败
System.Net.WebException: 未能解析此远程名称: 'kq.thunisoft.com'
   在 System.Net.HttpWebRequest.GetRequestStream(TransportContext& context)
   在 System.Net.HttpWebRequest.GetRequestStream()
   在 ScienceAttendance.util.HttpHelper.PostForWebResponse(String url, IDictionary`2 data, CookieContainer cookeis) 位置 F:\ScienceAttendance\ScienceAttendance\ScienceAttendance\util\HttpHelper.cs:行号 81
[2018-12-11 10:41:59,209]  1 -- ERROR -- ScienceAttendance.util.WeeklyUtils [PostForWebResponse] -- 网络请求失败
System.Net.WebException: 未能解析此远程名称: 'kq.thunisoft.com'
   在 System.Net.HttpWebRequest.GetRequestStream(TransportContext& context)
   在 System.Net.HttpWebRequest.GetRequestStream()
   在 ScienceAttendance.util.HttpHelper.PostForWebResponse(String url, IDictionary`2 data, CookieContainer cookeis) 位置 F:\ScienceAttendance\ScienceAttendance\ScienceAttendance\util\HttpHelper.cs:行号 81
[2018-12-12 09:36:49,464]  1 -- INFO  -- ScienceAttendance.util.WeeklyUtils [cmdExeStart] -- 参数信息：-action sign -user dengchengchao -pwd 6789@jkl -date 2018-12-11 -sbsj 09:30 
[2018-12-12 09:36:49,470]  1 -- ERROR -- ScienceAttendance.util.WeeklyUtils [cmdExeStart] -- 启动exe服务失败：
System.ComponentModel.Win32Exception (0x80004005): 系统找不到指定的文件。
   在 System.Diagnostics.Process.StartWithCreateProcess(ProcessStartInfo startInfo)
   在 System.Diagnostics.Process.Start(ProcessStartInfo startInfo)
   在 ScienceAttendance.util.WeeklyUtils.cmdExeStart(IDictionary`2 arguments) 位置 F:\ScienceAttendance\ScienceAttendance\ScienceAttendance\util\WeeklyUtils.cs:行号 124
[2018-12-12 09:37:00,828]  1 -- INFO  -- ScienceAttendance.util.WeeklyUtils [cmdExeStart] -- 参数信息：-action weekly -user dengchengchao -pwd 6789@jkl -date 2018-12-11 -sbsj 09:30 -zgs 8.0 -gznr # -xmbh 256601_1_108 
[2018-12-12 09:37:00,829]  1 -- ERROR -- ScienceAttendance.util.WeeklyUtils [cmdExeStart] -- 启动exe服务失败：
System.ComponentModel.Win32Exception (0x80004005): 系统找不到指定的文件。
   在 System.Diagnostics.Process.StartWithCreateProcess(ProcessStartInfo startInfo)
   在 System.Diagnostics.Process.Start(ProcessStartInfo startInfo)
   在 ScienceAttendance.util.WeeklyUtils.cmdExeStart(IDictionary`2 arguments) 位置 F:\ScienceAttendance\ScienceAttendance\ScienceAttendance\util\WeeklyUtils.cs:行号 124
[2018-12-22 17:28:58,844]  1 -- INFO  -- ScienceAttendance.util.WeeklyUtils [cmdExeStart] -- 参数信息：-action test 
[2018-12-22 17:28:58,906]  1 -- ERROR -- ScienceAttendance.util.WeeklyUtils [cmdExeStart] -- 启动exe服务失败：
System.ComponentModel.Win32Exception (0x80004005): 系统找不到指定的文件。
   在 System.Diagnostics.Process.StartWithCreateProcess(ProcessStartInfo startInfo)
   在 System.Diagnostics.Process.Start(ProcessStartInfo startInfo)
   在 ScienceAttendance.util.WeeklyUtils.cmdExeStart(IDictionary`2 arguments) 位置 F:\ScienceAttendance\ScienceAttendance\ScienceAttendance\util\WeeklyUtils.cs:行号 124
[2018-12-25 09:37:58,928]  1 -- INFO  -- ScienceAttendance.util.WeeklyUtils [cmdExeStart] -- 参数信息：-action sign -user dengchengchao -pwd 6789@jkl -date 2018-12-24 -sbsj 09:30 
[2018-12-25 09:37:58,946]  1 -- ERROR -- ScienceAttendance.util.WeeklyUtils [cmdExeStart] -- 启动exe服务失败：
System.ComponentModel.Win32Exception (0x80004005): 系统找不到指定的文件。
   在 System.Diagnostics.Process.StartWithCreateProcess(ProcessStartInfo startInfo)
   在 System.Diagnostics.Process.Start(ProcessStartInfo startInfo)
   在 ScienceAttendance.util.WeeklyUtils.cmdExeStart(IDictionary`2 arguments) 位置 F:\ScienceAttendance\ScienceAttendance\ScienceAttendance\util\WeeklyUtils.cs:行号 124
[2018-12-26 09:30:16,295]  1 -- INFO  -- ScienceAttendance.util.WeeklyUtils [cmdExeStart] -- 参数信息：-action sign -user dengchengchao -pwd 6789@jkl -date 2018-12-25 -sbsj 09:30 
[2018-12-26 09:30:16,299]  1 -- ERROR -- ScienceAttendance.util.WeeklyUtils [cmdExeStart] -- 启动exe服务失败：
System.ComponentModel.Win32Exception (0x80004005): 系统找不到指定的文件。
   在 System.Diagnostics.Process.StartWithCreateProcess(ProcessStartInfo startInfo)
   在 System.Diagnostics.Process.Start(ProcessStartInfo startInfo)
   在 ScienceAttendance.util.WeeklyUtils.cmdExeStart(IDictionary`2 arguments) 位置 F:\ScienceAttendance\ScienceAttendance\ScienceAttendance\util\WeeklyUtils.cs:行号 124
[2018-12-26 09:30:19,528]  1 -- INFO  -- ScienceAttendance.util.WeeklyUtils [cmdExeStart] -- 参数信息：-action weekly -user dengchengchao -pwd 6789@jkl -date 2018-12-25 -sbsj 09:30 -zgs 9.0 -gznr # -xmbh 256601_1_108 
[2018-12-26 09:30:19,548]  1 -- ERROR -- ScienceAttendance.util.WeeklyUtils [cmdExeStart] -- 启动exe服务失败：
System.ComponentModel.Win32Exception (0x80004005): 系统找不到指定的文件。
   在 System.Diagnostics.Process.StartWithCreateProcess(ProcessStartInfo startInfo)
   在 System.Diagnostics.Process.Start(ProcessStartInfo startInfo)
   在 ScienceAttendance.util.WeeklyUtils.cmdExeStart(IDictionary`2 arguments) 位置 F:\ScienceAttendance\ScienceAttendance\ScienceAttendance\util\WeeklyUtils.cs:行号 124
[2019-01-11 11:23:38,328]  1 -- INFO  -- ScienceAttendance.util.WeeklyUtils [cmdExeStart] -- 参数信息：-action test 
[2019-01-11 11:23:38,390]  1 -- ERROR -- ScienceAttendance.util.WeeklyUtils [cmdExeStart] -- 启动exe服务失败：
System.ComponentModel.Win32Exception (0x80004005): 系统找不到指定的文件。
   在 System.Diagnostics.Process.StartWithCreateProcess(ProcessStartInfo startInfo)
   在 System.Diagnostics.Process.Start(ProcessStartInfo startInfo)
   在 ScienceAttendance.util.WeeklyUtils.cmdExeStart(IDictionary`2 arguments) 位置 F:\ScienceAttendance\ScienceAttendance\ScienceAttendance\util\WeeklyUtils.cs:行号 124
[2019-01-12 12:53:31,706]  1 -- INFO  -- ScienceAttendance.util.WeeklyUtils [cmdExeStart] -- 参数信息：-action sign -user dengchengchao -pwd 6789@jkl -date 2019-01-11 -sbsj 09:30 
[2019-01-12 12:53:31,726]  1 -- ERROR -- ScienceAttendance.util.WeeklyUtils [cmdExeStart] -- 启动exe服务失败：
System.ComponentModel.Win32Exception (0x80004005): 系统找不到指定的文件。
   在 System.Diagnostics.Process.StartWithCreateProcess(ProcessStartInfo startInfo)
   在 System.Diagnostics.Process.Start(ProcessStartInfo startInfo)
   在 ScienceAttendance.util.WeeklyUtils.cmdExeStart(IDictionary`2 arguments) 位置 F:\ScienceAttendance\ScienceAttendance\ScienceAttendance\util\WeeklyUtils.cs:行号 124
[2019-01-17 09:37:00,731]  1 -- INFO  -- ScienceAttendance.util.WeeklyUtils [cmdExeStart] -- 参数信息：-action sign -user dengchengchao -pwd 6789@jkl -date 2019-01-16 -sbsj 09:30 
[2019-01-17 09:37:00,735]  1 -- ERROR -- ScienceAttendance.util.WeeklyUtils [cmdExeStart] -- 启动exe服务失败：
System.ComponentModel.Win32Exception (0x80004005): 系统找不到指定的文件。
   在 System.Diagnostics.Process.StartWithCreateProcess(ProcessStartInfo startInfo)
   在 System.Diagnostics.Process.Start(ProcessStartInfo startInfo)
   在 ScienceAttendance.util.WeeklyUtils.cmdExeStart(IDictionary`2 arguments) 位置 F:\ScienceAttendance\ScienceAttendance\ScienceAttendance\util\WeeklyUtils.cs:行号 124
[2019-01-17 09:37:22,025]  1 -- INFO  -- ScienceAttendance.util.WeeklyUtils [cmdExeStart] -- 参数信息：-action weekly -user dengchengchao -pwd 6789@jkl -date 2019-01-16 -sbsj 09:30 -zgs 11.0 -gznr # -xmbh 07CE8D4E41E00EAEE624C9244278210D 
[2019-01-17 09:37:22,052]  1 -- ERROR -- ScienceAttendance.util.WeeklyUtils [cmdExeStart] -- 启动exe服务失败：
System.ComponentModel.Win32Exception (0x80004005): 系统找不到指定的文件。
   在 System.Diagnostics.Process.StartWithCreateProcess(ProcessStartInfo startInfo)
   在 System.Diagnostics.Process.Start(ProcessStartInfo startInfo)
   在 ScienceAttendance.util.WeeklyUtils.cmdExeStart(IDictionary`2 arguments) 位置 F:\ScienceAttendance\ScienceAttendance\ScienceAttendance\util\WeeklyUtils.cs:行号 124
[2019-01-18 09:39:39,582]  1 -- INFO  -- ScienceAttendance.util.WeeklyUtils [cmdExeStart] -- 参数信息：-action sign -user dengchengchao -pwd 6789@jkl -date 2019-01-17 -sbsj 09:30 
[2019-01-18 09:39:39,588]  1 -- ERROR -- ScienceAttendance.util.WeeklyUtils [cmdExeStart] -- 启动exe服务失败：
System.ComponentModel.Win32Exception (0x80004005): 系统找不到指定的文件。
   在 System.Diagnostics.Process.StartWithCreateProcess(ProcessStartInfo startInfo)
   在 System.Diagnostics.Process.Start(ProcessStartInfo startInfo)
   在 ScienceAttendance.util.WeeklyUtils.cmdExeStart(IDictionary`2 arguments) 位置 F:\ScienceAttendance\ScienceAttendance\ScienceAttendance\util\WeeklyUtils.cs:行号 124
[2019-01-18 09:39:49,650]  1 -- INFO  -- ScienceAttendance.util.WeeklyUtils [cmdExeStart] -- 参数信息：-action weekly -user dengchengchao -pwd 6789@jkl -date 2019-01-17 -sbsj 09:30 -zgs 12.2 -gznr # -xmbh 07CE8D4E41E00EAEE624C9244278210D 
[2019-01-18 09:39:49,651]  1 -- ERROR -- ScienceAttendance.util.WeeklyUtils [cmdExeStart] -- 启动exe服务失败：
System.ComponentModel.Win32Exception (0x80004005): 系统找不到指定的文件。
   在 System.Diagnostics.Process.StartWithCreateProcess(ProcessStartInfo startInfo)
   在 System.Diagnostics.Process.Start(ProcessStartInfo startInfo)
   在 ScienceAttendance.util.WeeklyUtils.cmdExeStart(IDictionary`2 arguments) 位置 F:\ScienceAttendance\ScienceAttendance\ScienceAttendance\util\WeeklyUtils.cs:行号 124
[2019-01-19 21:42:04,397]  1 -- INFO  -- ScienceAttendance.util.WeeklyUtils [cmdExeStart] -- 参数信息：-action sign -user dengchengchao -pwd 6789@jkl -date 2019-01-18 -sbsj 09:30 
[2019-01-19 21:42:04,401]  1 -- ERROR -- ScienceAttendance.util.WeeklyUtils [cmdExeStart] -- 启动exe服务失败：
System.ComponentModel.Win32Exception (0x80004005): 系统找不到指定的文件。
   在 System.Diagnostics.Process.StartWithCreateProcess(ProcessStartInfo startInfo)
   在 System.Diagnostics.Process.Start(ProcessStartInfo startInfo)
   在 ScienceAttendance.util.WeeklyUtils.cmdExeStart(IDictionary`2 arguments) 位置 F:\ScienceAttendance\ScienceAttendance\ScienceAttendance\util\WeeklyUtils.cs:行号 124
[2019-01-21 09:45:45,331]  1 -- INFO  -- ScienceAttendance.util.WeeklyUtils [cmdExeStart] -- 参数信息：-action test 
[2019-01-21 09:45:45,400]  1 -- ERROR -- ScienceAttendance.util.WeeklyUtils [cmdExeStart] -- 启动exe服务失败：
System.ComponentModel.Win32Exception (0x80004005): 系统找不到指定的文件。
   在 System.Diagnostics.Process.StartWithCreateProcess(ProcessStartInfo startInfo)
   在 System.Diagnostics.Process.Start(ProcessStartInfo startInfo)
   在 ScienceAttendance.util.WeeklyUtils.cmdExeStart(IDictionary`2 arguments) 位置 F:\ScienceAttendance\ScienceAttendance\ScienceAttendance\util\WeeklyUtils.cs:行号 124
[2019-01-21 13:59:29,870]  1 -- INFO  -- ScienceAttendance.util.WeeklyUtils [cmdExeStart] -- 参数信息：-action test 
[2019-01-21 13:59:29,901]  1 -- ERROR -- ScienceAttendance.util.WeeklyUtils [cmdExeStart] -- 启动exe服务失败：
System.ComponentModel.Win32Exception (0x80004005): 系统找不到指定的文件。
   在 System.Diagnostics.Process.StartWithCreateProcess(ProcessStartInfo startInfo)
   在 System.Diagnostics.Process.Start(ProcessStartInfo startInfo)
   在 ScienceAttendance.util.WeeklyUtils.cmdExeStart(IDictionary`2 arguments) 位置 F:\ScienceAttendance\ScienceAttendance\ScienceAttendance\util\WeeklyUtils.cs:行号 124
[2019-03-07 15:55:27,545]  1 -- INFO  -- ScienceAttendance.util.WeeklyUtils [cmdExeStart] -- 参数信息：-action test 
[2019-03-07 15:55:27,607]  1 -- ERROR -- ScienceAttendance.util.WeeklyUtils [cmdExeStart] -- 启动exe服务失败：
System.ComponentModel.Win32Exception (0x80004005): 系统找不到指定的文件。
   在 System.Diagnostics.Process.StartWithCreateProcess(ProcessStartInfo startInfo)
   在 System.Diagnostics.Process.Start(ProcessStartInfo startInfo)
   在 ScienceAttendance.util.WeeklyUtils.cmdExeStart(IDictionary`2 arguments) 位置 F:\ScienceAttendance\ScienceAttendance\ScienceAttendance\util\WeeklyUtils.cs:行号 124
[2019-03-12 09:52:59,933]  1 -- INFO  -- ScienceAttendance.util.WeeklyUtils [cmdExeStart] -- 参数信息：-action test 
[2019-03-12 09:52:59,995]  1 -- ERROR -- ScienceAttendance.util.WeeklyUtils [cmdExeStart] -- 启动exe服务失败：
System.ComponentModel.Win32Exception (0x80004005): 系统找不到指定的文件。
   在 System.Diagnostics.Process.StartWithCreateProcess(ProcessStartInfo startInfo)
   在 System.Diagnostics.Process.Start(ProcessStartInfo startInfo)
   在 ScienceAttendance.util.WeeklyUtils.cmdExeStart(IDictionary`2 arguments) 位置 F:\ScienceAttendance\ScienceAttendance\ScienceAttendance\util\WeeklyUtils.cs:行号 124
[2019-03-18 15:08:24,323]  1 -- INFO  -- ScienceAttendance.util.WeeklyUtils [cmdExeStart] -- 参数信息：-action test 
[2019-03-18 15:08:24,370]  1 -- ERROR -- ScienceAttendance.util.WeeklyUtils [cmdExeStart] -- 启动exe服务失败：
System.ComponentModel.Win32Exception (0x80004005): 系统找不到指定的文件。
   在 System.Diagnostics.Process.StartWithCreateProcess(ProcessStartInfo startInfo)
   在 System.Diagnostics.Process.Start(ProcessStartInfo startInfo)
   在 ScienceAttendance.util.WeeklyUtils.cmdExeStart(IDictionary`2 arguments) 位置 F:\ScienceAttendance\ScienceAttendance\ScienceAttendance\util\WeeklyUtils.cs:行号 124
[2019-04-04 15:56:40,730]  1 -- INFO  -- ScienceAttendance.util.WeeklyUtils [cmdExeStart] -- 参数信息：-action test 
[2019-04-04 15:56:40,793]  1 -- ERROR -- ScienceAttendance.util.WeeklyUtils [cmdExeStart] -- 启动exe服务失败：
System.ComponentModel.Win32Exception (0x80004005): 系统找不到指定的文件。
   在 System.Diagnostics.Process.StartWithCreateProcess(ProcessStartInfo startInfo)
   在 System.Diagnostics.Process.Start(ProcessStartInfo startInfo)
   在 ScienceAttendance.util.WeeklyUtils.cmdExeStart(IDictionary`2 arguments) 位置 F:\ScienceAttendance\ScienceAttendance\ScienceAttendance\util\WeeklyUtils.cs:行号 124
[2019-04-04 20:25:26,801]  1 -- INFO  -- ScienceAttendance.util.WeeklyUtils [cmdExeStart] -- 参数信息：-action test 
[2019-04-04 20:25:26,894]  1 -- ERROR -- ScienceAttendance.util.WeeklyUtils [cmdExeStart] -- 启动exe服务失败：
System.ComponentModel.Win32Exception (0x80004005): 系统找不到指定的文件。
   在 System.Diagnostics.Process.StartWithCreateProcess(ProcessStartInfo startInfo)
   在 System.Diagnostics.Process.Start(ProcessStartInfo startInfo)
   在 ScienceAttendance.util.WeeklyUtils.cmdExeStart(IDictionary`2 arguments) 位置 F:\ScienceAttendance\ScienceAttendance\ScienceAttendance\util\WeeklyUtils.cs:行号 124
[2019-04-08 09:33:22,224]  1 -- INFO  -- ScienceAttendance.util.WeeklyUtils [cmdExeStart] -- 参数信息：-action test 
[2019-04-08 09:33:22,271]  1 -- ERROR -- ScienceAttendance.util.WeeklyUtils [cmdExeStart] -- 启动exe服务失败：
System.ComponentModel.Win32Exception (0x80004005): 系统找不到指定的文件。
   在 System.Diagnostics.Process.StartWithCreateProcess(ProcessStartInfo startInfo)
   在 System.Diagnostics.Process.Start(ProcessStartInfo startInfo)
   在 ScienceAttendance.util.WeeklyUtils.cmdExeStart(IDictionary`2 arguments) 位置 F:\ScienceAttendance\ScienceAttendance\ScienceAttendance\util\WeeklyUtils.cs:行号 124
[2019-04-08 09:57:15,299]  1 -- INFO  -- ScienceAttendance.util.WeeklyUtils [cmdExeStart] -- 参数信息：-action test 
[2019-04-08 09:57:15,424]  1 -- ERROR -- ScienceAttendance.util.WeeklyUtils [cmdExeStart] -- 启动exe服务失败：
System.ComponentModel.Win32Exception (0x80004005): 系统找不到指定的文件。
   在 System.Diagnostics.Process.StartWithCreateProcess(ProcessStartInfo startInfo)
   在 System.Diagnostics.Process.Start(ProcessStartInfo startInfo)
   在 ScienceAttendance.util.WeeklyUtils.cmdExeStart(IDictionary`2 arguments) 位置 F:\ScienceAttendance\ScienceAttendance\ScienceAttendance\util\WeeklyUtils.cs:行号 124
[2019-04-09 09:35:58,331]  1 -- ERROR -- ScienceAttendance.util.WeeklyUtils [PostForWebResponse] -- 网络请求失败
System.Net.WebException: 远程服务器返回错误: (500) 内部服务器错误。
   在 System.Net.HttpWebRequest.GetResponse()
   在 ScienceAttendance.util.HttpHelper.PostForWebResponse(String url, IDictionary`2 data, CookieContainer cookeis) 位置 F:\ScienceAttendance\ScienceAttendance\ScienceAttendance\util\HttpHelper.cs:行号 84
[2019-04-09 09:35:58,378]  1 -- INFO  -- ScienceAttendance.util.WeeklyUtils [cmdExeStart] -- 参数信息：-action sign -user dengchengchao -pwd 6789@jkl -date 2019-04-08 -sbsj 09:30 
[2019-04-09 09:35:58,391]  1 -- ERROR -- ScienceAttendance.util.WeeklyUtils [cmdExeStart] -- 启动exe服务失败：
System.ComponentModel.Win32Exception (0x80004005): 系统找不到指定的文件。
   在 System.Diagnostics.Process.StartWithCreateProcess(ProcessStartInfo startInfo)
   在 System.Diagnostics.Process.Start(ProcessStartInfo startInfo)
   在 ScienceAttendance.util.WeeklyUtils.cmdExeStart(IDictionary`2 arguments) 位置 F:\ScienceAttendance\ScienceAttendance\ScienceAttendance\util\WeeklyUtils.cs:行号 124
[2019-04-09 09:36:03,410]  1 -- ERROR -- ScienceAttendance.util.WeeklyUtils [PostForWebResponse] -- 网络请求失败
System.Net.WebException: 远程服务器返回错误: (500) 内部服务器错误。
   在 System.Net.HttpWebRequest.GetResponse()
   在 ScienceAttendance.util.HttpHelper.PostForWebResponse(String url, IDictionary`2 data, CookieContainer cookeis) 位置 F:\ScienceAttendance\ScienceAttendance\ScienceAttendance\util\HttpHelper.cs:行号 84
[2019-04-10 09:24:33,364]  1 -- ERROR -- ScienceAttendance.util.WeeklyUtils [PostForWebResponse] -- 网络请求失败
System.Net.WebException: 远程服务器返回错误: (503) 服务器不可用。
   在 System.Net.HttpWebRequest.GetResponse()
   在 ScienceAttendance.util.HttpHelper.PostForWebResponse(String url, IDictionary`2 data, CookieContainer cookeis) 位置 F:\ScienceAttendance\ScienceAttendance\ScienceAttendance\util\HttpHelper.cs:行号 84
[2019-04-10 09:24:33,372]  1 -- INFO  -- ScienceAttendance.util.WeeklyUtils [cmdExeStart] -- 参数信息：-action sign -user dengchengchao -pwd 6789@jkl -date 2019-04-09 -sbsj 09:30 
[2019-04-10 09:24:33,373]  1 -- ERROR -- ScienceAttendance.util.WeeklyUtils [cmdExeStart] -- 启动exe服务失败：
System.ComponentModel.Win32Exception (0x80004005): 系统找不到指定的文件。
   在 System.Diagnostics.Process.StartWithCreateProcess(ProcessStartInfo startInfo)
   在 System.Diagnostics.Process.Start(ProcessStartInfo startInfo)
   在 ScienceAttendance.util.WeeklyUtils.cmdExeStart(IDictionary`2 arguments) 位置 F:\ScienceAttendance\ScienceAttendance\ScienceAttendance\util\WeeklyUtils.cs:行号 124
[2019-04-10 09:24:33,782]  1 -- ERROR -- ScienceAttendance.util.WeeklyUtils [PostForWebResponse] -- 网络请求失败
System.Net.WebException: 远程服务器返回错误: (503) 服务器不可用。
   在 System.Net.HttpWebRequest.GetResponse()
   在 ScienceAttendance.util.HttpHelper.PostForWebResponse(String url, IDictionary`2 data, CookieContainer cookeis) 位置 F:\ScienceAttendance\ScienceAttendance\ScienceAttendance\util\HttpHelper.cs:行号 84
[2019-04-10 09:25:04,482]  1 -- INFO  -- ScienceAttendance.util.WeeklyUtils [cmdExeStart] -- 参数信息：-action weekly -user dengchengchao -pwd 6789@jkl -date 2019-04-09 -sbsj 09:30 -zgs 12.8 -gznr # -xmbh 256601_1_108 
[2019-04-10 09:25:04,493]  1 -- ERROR -- ScienceAttendance.util.WeeklyUtils [cmdExeStart] -- 启动exe服务失败：
System.ComponentModel.Win32Exception (0x80004005): 系统找不到指定的文件。
   在 System.Diagnostics.Process.StartWithCreateProcess(ProcessStartInfo startInfo)
   在 System.Diagnostics.Process.Start(ProcessStartInfo startInfo)
   在 ScienceAttendance.util.WeeklyUtils.cmdExeStart(IDictionary`2 arguments) 位置 F:\ScienceAttendance\ScienceAttendance\ScienceAttendance\util\WeeklyUtils.cs:行号 124
[2019-04-10 09:25:04,499]  1 -- ERROR -- ScienceAttendance.util.WeeklyUtils [PostForWebResponse] -- 网络请求失败
System.Net.WebException: 远程服务器返回错误: (503) 服务器不可用。
   在 System.Net.HttpWebRequest.GetResponse()
   在 ScienceAttendance.util.HttpHelper.PostForWebResponse(String url, IDictionary`2 data, CookieContainer cookeis) 位置 F:\ScienceAttendance\ScienceAttendance\ScienceAttendance\util\HttpHelper.cs:行号 84
[2019-04-12 18:48:33,016]  1 -- INFO  -- ScienceAttendance.util.WeeklyUtils [cmdExeStart] -- 参数信息：-action test 
[2019-04-12 18:48:33,048]  1 -- ERROR -- ScienceAttendance.util.WeeklyUtils [cmdExeStart] -- 启动exe服务失败：
System.ComponentModel.Win32Exception (0x80004005): 系统找不到指定的文件。
   在 System.Diagnostics.Process.StartWithCreateProcess(ProcessStartInfo startInfo)
   在 System.Diagnostics.Process.Start(ProcessStartInfo startInfo)
   在 ScienceAttendance.util.WeeklyUtils.cmdExeStart(IDictionary`2 arguments) 位置 F:\ScienceAttendance\ScienceAttendance\ScienceAttendance\util\WeeklyUtils.cs:行号 124
[2019-05-01 14:46:50,286]  1 -- INFO  -- ScienceAttendance.util.WeeklyUtils [cmdExeStart] -- 参数信息：-action test 
[2019-05-01 14:46:50,365]  1 -- ERROR -- ScienceAttendance.util.WeeklyUtils [cmdExeStart] -- 启动exe服务失败：
System.ComponentModel.Win32Exception (0x80004005): 系统找不到指定的文件。
   在 System.Diagnostics.Process.StartWithCreateProcess(ProcessStartInfo startInfo)
   在 System.Diagnostics.Process.Start(ProcessStartInfo startInfo)
   在 ScienceAttendance.util.WeeklyUtils.cmdExeStart(IDictionary`2 arguments) 位置 F:\ScienceAttendance\ScienceAttendance\ScienceAttendance\util\WeeklyUtils.cs:行号 124
[2019-05-08 09:26:29,794]  1 -- INFO  -- ScienceAttendance.util.WeeklyUtils [cmdExeStart] -- 参数信息：-action test 
[2019-05-08 09:26:29,826]  1 -- ERROR -- ScienceAttendance.util.WeeklyUtils [cmdExeStart] -- 启动exe服务失败：
System.ComponentModel.Win32Exception (0x80004005): 系统找不到指定的文件。
   在 System.Diagnostics.Process.StartWithCreateProcess(ProcessStartInfo startInfo)
   在 System.Diagnostics.Process.Start(ProcessStartInfo startInfo)
   在 ScienceAttendance.util.WeeklyUtils.cmdExeStart(IDictionary`2 arguments) 位置 F:\ScienceAttendance\ScienceAttendance\ScienceAttendance\util\WeeklyUtils.cs:行号 124
